<?xml version="1.0" encoding="UTF-8"?>
<testng-results ignored="0" total="1" passed="1" failed="0" skipped="0">
  <reporter-output>
  </reporter-output>
  <suite started-at="2023-03-31T18:16:24 IST" name="Default suite" finished-at="2023-03-31T18:16:30 IST" duration-ms="5864">
    <groups>
      <group name="cucumber">
        <method signature="AbstractTestNGCucumberTests.runScenario(io.cucumber.testng.PickleWrapper,io.cucumber.testng.FeatureWrapper)[pri:0, instance:runner.Test_Runner@2145b572]" name="runScenario" class="io.cucumber.testng.AbstractTestNGCucumberTests"/>
      </group> <!-- cucumber -->
    </groups>
    <test started-at="2023-03-31T18:16:24 IST" name="Default test" finished-at="2023-03-31T18:16:30 IST" duration-ms="5864">
      <class name="runner.Test_Runner">
        <test-method is-config="true" signature="setUpClass(org.testng.ITestContext)[pri:0, instance:runner.Test_Runner@2145b572]" started-at="2023-03-31T18:16:24 IST" name="setUpClass" finished-at="2023-03-31T18:16:25 IST" duration-ms="1266" status="PASS">
          <params>
            <param index="0">
              <value>
                <![CDATA[org.testng.TestRunner@ea04cab]]>
              </value>
            </param>
          </params>
          <reporter-output>
          </reporter-output>
        </test-method> <!-- setUpClass -->
        <test-method signature="runScenario(io.cucumber.testng.PickleWrapper,io.cucumber.testng.FeatureWrapper)[pri:0, instance:runner.Test_Runner@2145b572]" started-at="2023-03-31T18:16:25 IST" name="runScenario" description="Runs Cucumber Scenarios" data-provider="scenarios" finished-at="2023-03-31T18:16:29 IST" duration-ms="4399" status="PASS">
          <params>
            <param index="0">
              <value>
                <![CDATA["creatbooking"]]>
              </value>
            </param>
            <param index="1">
              <value>
                <![CDATA["Optional[bookings]"]]>
              </value>
            </param>
          </params>
          <reporter-output>
          </reporter-output>
        </test-method> <!-- runScenario -->
        <test-method is-config="true" signature="tearDownClass()[pri:0, instance:runner.Test_Runner@2145b572]" started-at="2023-03-31T18:16:29 IST" name="tearDownClass" finished-at="2023-03-31T18:16:30 IST" duration-ms="101" status="PASS">
          <reporter-output>
          </reporter-output>
        </test-method> <!-- tearDownClass -->
      </class> <!-- runner.Test_Runner -->
    </test> <!-- Default test -->
  </suite> <!-- Default suite -->
</testng-results>
